


          SolidWorks Corporation - STEP Processor Error Log
          ______________________________________________________

                       STEP Post Processor
                       ___________________


STEP File Name: C:\Users\Woodlawn\Documents\Holoscope\raspberry-pi-camera-4.snapshot.1\Raspberry pi 3 cam V2,1\Cam V2.1 v1.step



Error: Entity type not supported.
STEP-in did not complete successfully.

Error: Entity type not supported.
STEP-in did not complete successfully.
#5730: Ring edge, vertex snapped onto curve
#5731: Ring edge, vertex snapped onto curve
#5732: Ring edge, vertex snapped onto curve
#5733: Ring edge, vertex snapped onto curve
#5736: Ring edge, vertex snapped onto curve
#5737: Ring edge, vertex snapped onto curve
#5738: Ring edge, vertex snapped onto curve
#5739: Ring edge, vertex snapped onto curve
#5730: Ring edge, vertex snapped onto curve
#5731: Ring edge, vertex snapped onto curve
#5732: Ring edge, vertex snapped onto curve
#5733: Ring edge, vertex snapped onto curve
#5736: Ring edge, vertex snapped onto curve
#5737: Ring edge, vertex snapped onto curve
#5738: Ring edge, vertex snapped onto curve
#5739: Ring edge, vertex snapped onto curve
Surfaces successfully processed into a solid body.
STEP-in completed.
Error: Unable to create solid from trimmed surfaces.
STEP-in did not complete successfully.
